1; 2015-07-13 05:59:00.689600; 11389; 
2; 2015-07-13 05:59:02.326000; 11389; 
3; 2015-07-13 05:59:04.016400; 11389; 
4; 2015-07-13 05:59:05.511700; 11389; 
5; 2015-07-13 05:59:07.217300; 11389; 
6; 2015-07-13 05:59:08.775400; 11389; 
7; 2015-07-13 05:59:10.358000; 11389; 
8; 2015-07-13 05:59:11.918200; 11389; 
9; 2015-07-13 05:59:13.361100; 11389; 
10; 2015-07-13 05:59:14.829000; 11389; 
11; 2015-07-13 05:59:16.424900; 11389; 
12; 2015-07-13 05:59:17.949700; 11389; 
13; 2015-07-13 05:59:19.499800; 11389; 
14; 2015-07-13 05:59:20.960900; 11389; 
15; 2015-07-13 05:59:22.372500; 11389; 
16; 2015-07-13 05:59:23.903200; 11389; 
17; 2015-07-13 05:59:25.469500; 11389; 
18; 2015-07-13 05:59:26.929700; 11389; 
19; 2015-07-13 05:59:28.362900; 11389; 
20; 2015-07-13 05:59:29.855800; 11389; 
21; 2015-07-13 05:59:31.431900; 11389; 
22; 2015-07-13 05:59:32.962000; 11389; 
23; 2015-07-13 05:59:34.374300; 11389; 
24; 2015-07-13 05:59:35.890600; 11389; 
25; 2015-07-13 05:59:37.473900; 11389; 
26; 2015-07-13 05:59:38.947100; 11389; 
27; 2015-07-13 05:59:40.573500; 11389; 
28; 2015-07-13 05:59:42.160500; 11389; 
29; 2015-07-13 05:59:43.699000; 11389; 
30; 2015-07-13 05:59:45.235700; 11389; 
31; 2015-07-13 05:59:46.773300; 11389; 
32; 2015-07-13 05:59:48.206800; 11389; 
33; 2015-07-13 05:59:49.732100; 11389; 
34; 2015-07-13 05:59:51.238500; 11389; 
35; 2015-07-13 05:59:52.710600; 11389; 
36; 2015-07-13 05:59:54.250000; 11389; 
37; 2015-07-13 05:59:55.633600; 11389; 
38; 2015-07-13 05:59:57.142800; 11389; 
39; 2015-07-13 05:59:58.636000; 11389; 
40; 2015-07-13 06:00:00.116500; 11389; 
41; 2015-07-13 06:00:01.654300; 11389; 
42; 2015-07-13 06:00:03.195200; 11389; 
43; 2015-07-13 06:00:04.706500; 11389; 
44; 2015-07-13 06:00:06.196600; 11389; 
45; 2015-07-13 06:00:07.727800; 11389; 
46; 2015-07-13 06:00:09.196900; 11389; 
47; 2015-07-13 06:00:10.830400; 11389; 
48; 2015-07-13 06:00:12.446800; 11389; 
49; 2015-07-13 06:00:13.848100; 11389; 
50; 2015-07-13 06:00:15.363000; 11389; 
51; 2015-07-13 06:00:16.876000; 11389; 
52; 2015-07-13 06:00:18.424500; 11389; 
53; 2015-07-13 06:00:19.942400; 11389; 
54; 2015-07-13 06:00:21.487000; 11389; 
55; 2015-07-13 06:00:22.894300; 11389; 
56; 2015-07-13 06:00:24.594700; 11389; 
57; 2015-07-13 06:00:26.156000; 11389; 
58; 2015-07-13 06:00:27.558300; 11389; 
59; 2015-07-13 06:00:29.095400; 11389; 
60; 2015-07-13 06:00:30.560000; 11389; 
61; 2015-07-13 06:00:37.021300; 11389; 
62; 2015-07-13 06:00:38.671700; 11389; 
63; 2015-07-13 06:00:40.213700; 11389; 
64; 2015-07-13 06:00:41.725900; 11389; 
65; 2015-07-13 06:00:43.109500; 11389; 
66; 2015-07-13 06:00:44.648500; 11389; 
67; 2015-07-13 06:00:46.051900; 11389; 
68; 2015-07-13 06:00:47.574400; 11389; 
69; 2015-07-13 06:00:49.234800; 11389; 
70; 2015-07-13 06:00:50.815000; 11389; 
71; 2015-07-13 06:00:52.276800; 11389; 
72; 2015-07-13 06:00:53.856100; 11389; 
73; 2015-07-13 06:00:55.479400; 11389; 
74; 2015-07-13 06:00:56.988100; 11389; 
75; 2015-07-13 06:00:58.412600; 11389; 
76; 2015-07-13 06:01:00.059100; 11389; 
77; 2015-07-13 06:01:01.644600; 11389; 
78; 2015-07-13 06:01:03.074500; 11389; 
79; 2015-07-13 06:01:04.495100; 11389; 
80; 2015-07-13 06:01:05.963000; 11389; 
81; 2015-07-13 06:01:07.600600; 11389; 
82; 2015-07-13 06:01:09.044200; 11389; 
83; 2015-07-13 06:01:10.535200; 11389; 
84; 2015-07-13 06:01:11.924900; 11389; 
85; 2015-07-13 06:01:13.471300; 11389; 
86; 2015-07-13 06:01:14.961000; 11389; 
87; 2015-07-13 06:01:16.405200; 11389; 
88; 2015-07-13 06:01:17.808800; 11389; 
89; 2015-07-13 06:01:19.416200; 11389; 
90; 2015-07-13 06:01:21.027300; 11389; 
91; 2015-07-13 06:01:22.663800; 11389; 
92; 2015-07-13 06:01:24.120400; 11389; 
93; 2015-07-13 06:01:25.552200; 11389; 
94; 2015-07-13 06:01:27.140400; 11389; 
95; 2015-07-13 06:01:28.672000; 11389; 
96; 2015-07-13 06:01:30.238200; 11389; 
97; 2015-07-13 06:01:31.642100; 11389; 
98; 2015-07-13 06:01:33.022700; 11389; 
99; 2015-07-13 06:01:34.790000; 11389; 
100; 2015-07-13 06:01:36.257900; 11389; 
101; 2015-07-13 06:01:37.859600; 11389; 
102; 2015-07-13 06:01:39.334300; 11389; 
103; 2015-07-13 06:01:40.785800; 11389; 
104; 2015-07-13 06:01:42.237800; 11389; 
105; 2015-07-13 06:01:43.714700; 11389; 
106; 2015-07-13 06:01:45.148300; 11389; 
107; 2015-07-13 06:01:46.573900; 11389; 
108; 2015-07-13 06:01:48.116700; 11389; 
109; 2015-07-13 06:01:49.665400; 11319; 
110; 2015-07-13 06:01:52.735300; 11389; 
111; 2015-07-13 06:01:54.223700; 11389; 
112; 2015-07-13 06:01:55.604500; 11389; 
113; 2015-07-13 06:01:57.043000; 11389; 
114; 2015-07-13 06:01:58.490100; 11389; 
115; 2015-07-13 06:02:01.240900; 11389; 
116; 2015-07-13 06:02:02.676900; 11389; 
117; 2015-07-13 06:02:04.389400; 11319; 
118; 2015-07-13 06:02:05.961000; 11319; 
119; 2015-07-13 06:02:07.384100; 11320; 
120; 2015-07-13 06:02:08.933200; 11317; 
121; 2015-07-13 06:02:10.428000; 11313; 
122; 2015-07-13 06:02:11.998100; 11287; 
123; 2015-07-13 06:02:13.542200; 11306; 
124; 2015-07-13 06:02:15.024700; 11286; 
125; 2015-07-13 06:02:16.638900; 11289; 
126; 2015-07-13 06:02:18.139800; 11282; 
127; 2015-07-13 06:02:19.566000; 11286; 
128; 2015-07-13 06:02:21.187000; 11281; 
129; 2015-07-13 06:02:22.751700; 11281; 
130; 2015-07-13 06:02:24.205100; 11281; 
131; 2015-07-13 06:02:25.660200; 11282; 
132; 2015-07-13 06:02:27.070100; 11282; 
133; 2015-07-13 06:02:28.676600; 11279; 
134; 2015-07-13 06:02:30.173500; 11279; 
135; 2015-07-13 06:02:31.617800; 11279; 
136; 2015-07-13 06:02:33.159800; 11277; 
137; 2015-07-13 06:02:34.952300; 11277; 
138; 2015-07-13 06:02:36.467600; 11277; 
139; 2015-07-13 06:02:39.993100; 11275; 
140; 2015-07-13 06:02:41.568600; 11275; 
141; 2015-07-13 06:02:43.090600; 11278; 
142; 2015-07-13 06:02:44.605500; 11278; 
143; 2015-07-13 06:02:46.404400; 11278; 
144; 2015-07-13 06:02:47.968100; 11282; 
145; 2015-07-13 06:02:49.442000; 11282; 
146; 2015-07-13 06:02:50.896300; 11282; 
147; 2015-07-13 06:02:52.524100; 11286; 
148; 2015-07-13 06:02:54.010200; 11286; 
149; 2015-07-13 06:02:55.569400; 11286; 
150; 2015-07-13 06:02:57.004500; 11286; 
151; 2015-07-13 06:02:58.505500; 11289; 
152; 2015-07-13 06:02:59.889400; 11289; 
153; 2015-07-13 06:03:01.414900; 11289; 
154; 2015-07-13 06:03:02.861300; 11290; 
155; 2015-07-13 06:03:04.298000; 11290; 
156; 2015-07-13 06:03:05.738700; 11292; 
157; 2015-07-13 06:03:07.313500; 11292; 
158; 2015-07-13 06:03:09.128400; 11292; 
159; 2015-07-13 06:03:10.594800; 11297; 
160; 2015-07-13 06:03:12.136200; 11292; 
161; 2015-07-13 06:03:13.723300; 11297; 
162; 2015-07-13 06:03:15.157500; 11297; 
163; 2015-07-13 06:03:16.615600; 11302; 
164; 2015-07-13 06:03:18.123600; 11302; 
165; 2015-07-13 06:03:19.563900; 11302; 
166; 2015-07-13 06:03:21.219900; 11302; 
167; 2015-07-13 06:03:22.745600; 11302; 
168; 2015-07-13 06:03:24.142400; 11302; 
169; 2015-07-13 06:03:25.600100; 11298; 
170; 2015-07-13 06:03:27.992500; 11298; 
171; 2015-07-13 06:03:29.381200; 11298; 
172; 2015-07-13 06:03:30.807800; 11298; 
173; 2015-07-13 06:03:32.245500; 11299; 
174; 2015-07-13 06:03:33.680100; 11299; 
175; 2015-07-13 06:03:35.107900; 11299; 
176; 2015-07-13 06:03:36.618200; 11300; 
177; 2015-07-13 06:03:38.119600; 11300; 
178; 2015-07-13 06:03:39.657600; 11301; 
179; 2015-07-13 06:03:41.192000; 11301; 
180; 2015-07-13 06:03:42.694200; 11301; 
181; 2015-07-13 06:03:44.194000; 11301; 
182; 2015-07-13 06:03:45.662400; 11301; 
183; 2015-07-13 06:03:47.205000; 11301; 
184; 2015-07-13 06:03:48.655600; 11301; 
185; 2015-07-13 06:03:50.165600; 11300; 
186; 2015-07-13 06:03:51.602600; 11300; 
187; 2015-07-13 06:03:53.160300; 11299; 
188; 2015-07-13 06:03:54.649800; 11296; 
189; 2015-07-13 06:03:56.314300; 11296; 
190; 2015-07-13 06:03:57.734300; 11296; 
191; 2015-07-13 06:03:59.458900; 11297; 
192; 2015-07-13 06:04:00.918900; 11297; 
193; 2015-07-13 06:04:02.409400; 11297; 
194; 2015-07-13 06:04:03.937700; 11297; 
195; 2015-07-13 06:04:05.563600; 11296; 
196; 2015-07-13 06:04:07.179100; 11295; 
197; 2015-07-13 06:04:08.743700; 11295; 
198; 2015-07-13 06:04:10.735600; 11295; 
199; 2015-07-13 06:04:12.147700; 11299; 
200; 2015-07-13 06:04:13.666100; 11299; 
201; 2015-07-13 06:04:15.261200; 11299; 
202; 2015-07-13 06:04:16.691900; 11296; 
203; 2015-07-13 06:04:18.341600; 11296; 
204; 2015-07-13 06:04:19.796000; 11296; 
205; 2015-07-13 06:04:21.573400; 11295; 
206; 2015-07-13 06:04:23.176900; 11295; 
207; 2015-07-13 06:04:24.635700; 11296; 
208; 2015-07-13 06:04:26.153600; 11296; 
209; 2015-07-13 06:04:27.864500; 11296; 
210; 2015-07-13 06:04:29.310800; 11297; 
211; 2015-07-13 06:04:30.843900; 11297; 
212; 2015-07-13 06:04:32.353800; 11294; 
213; 2015-07-13 06:04:33.840200; 11295; 
214; 2015-07-13 06:04:35.400800; 11294; 
215; 2015-07-13 06:04:36.931300; 11294; 
216; 2015-07-13 06:04:38.303100; 11293; 
217; 2015-07-13 06:04:39.768400; 11293; 
218; 2015-07-13 06:04:41.234800; 11293; 
219; 2015-07-13 06:04:42.802300; 11292; 
220; 2015-07-13 06:04:44.376000; 11292; 
221; 2015-07-13 06:04:45.873000; 11292; 
222; 2015-07-13 06:04:47.394200; 11295; 
223; 2015-07-13 06:04:48.891000; 11295; 
224; 2015-07-13 06:04:50.377800; 11295; 
225; 2015-07-13 06:04:51.960000; 11295; 
226; 2015-07-13 06:04:53.372000; 11294; 
227; 2015-07-13 06:04:54.938800; 11294; 
228; 2015-07-13 06:04:56.507200; 11299; 
229; 2015-07-13 06:04:57.926100; 11299; 
230; 2015-07-13 06:04:59.465600; 11299; 
231; 2015-07-13 06:05:00.943500; 11299; 
232; 2015-07-13 06:05:02.470700; 11299; 
233; 2015-07-13 06:05:03.909900; 11299; 
234; 2015-07-13 06:05:05.482100; 11299; 
235; 2015-07-13 06:05:06.872500; 11299; 
236; 2015-07-13 06:05:08.279500; 11299; 
237; 2015-07-13 06:05:09.769400; 11297; 
238; 2015-07-13 06:05:11.202500; 11297; 
239; 2015-07-13 06:05:12.635700; 11297; 
240; 2015-07-13 06:05:14.027000; 11297; 
241; 2015-07-13 06:05:15.702900; 11297; 
242; 2015-07-13 06:05:17.099400; 11297; 
243; 2015-07-13 06:05:18.630200; 11294; 
244; 2015-07-13 06:05:20.156400; 11295; 
245; 2015-07-13 06:05:21.625700; 11295; 
246; 2015-07-13 06:05:23.222800; 11295; 
247; 2015-07-13 06:05:24.721700; 11296; 
248; 2015-07-13 06:05:26.193300; 11296; 
249; 2015-07-13 06:05:29.330900; 11299; 
250; 2015-07-13 06:05:31.840300; 11299; 
251; 2015-07-13 06:05:33.240800; 11299; 
252; 2015-07-13 06:05:34.677200; 11299; 
253; 2015-07-13 06:05:36.148100; 11299; 
254; 2015-07-13 06:05:37.518800; 11299; 
255; 2015-07-13 06:05:44.825900; 11297; 
256; 2015-07-13 06:05:46.246900; 11298; 
257; 2015-07-13 06:05:47.836700; 11298; 
258; 2015-07-13 06:05:49.414700; 11299; 
259; 2015-07-13 06:05:51.116000; 11299; 
260; 2015-07-13 06:05:52.673300; 11298; 
261; 2015-07-13 06:05:54.160900; 11299; 
262; 2015-07-13 06:05:55.643300; 11299; 
263; 2015-07-13 06:05:57.119200; 11299; 
264; 2015-07-13 06:05:58.491100; 11299; 
265; 2015-07-13 06:06:00.016900; 11298; 
266; 2015-07-13 06:06:01.521300; 11298; 
267; 2015-07-13 06:06:02.967500; 11298; 
268; 2015-07-13 06:06:04.361000; 11297; 
269; 2015-07-13 06:06:06.021300; 11297; 
270; 2015-07-13 06:06:07.482600; 11299; 
271; 2015-07-13 06:06:09.176500; 11299; 
272; 2015-07-13 06:06:10.571900; 11299; 
273; 2015-07-13 06:06:11.959800; 11300; 
274; 2015-07-13 06:06:13.348800; 11300; 
275; 2015-07-13 06:06:14.791500; 11300; 
276; 2015-07-13 06:06:16.543100; 11298; 
277; 2015-07-13 06:06:17.928100; 11298; 
278; 2015-07-13 06:06:19.871300; 11298; 
279; 2015-07-13 06:06:21.329800; 11298; 
280; 2015-07-13 06:06:22.774600; 11298; 
281; 2015-07-13 06:06:24.492400; 11298; 
282; 2015-07-13 06:06:25.982800; 11298; 
283; 2015-07-13 06:06:27.462000; 11291; 
284; 2015-07-13 06:06:28.863600; 11291; 
285; 2015-07-13 06:06:30.314300; 11291; 
286; 2015-07-13 06:06:31.908300; 11291; 
287; 2015-07-13 06:06:33.278500; 11291; 
288; 2015-07-13 06:06:34.699400; 11291; 
289; 2015-07-13 06:06:36.172300; 11291; 
290; 2015-07-13 06:06:37.706800; 11291; 
291; 2015-07-13 06:06:39.123500; 11291; 
292; 2015-07-13 06:06:40.519400; 11292; 
293; 2015-07-13 06:06:42.033100; 11287; 
294; 2015-07-13 06:06:43.403400; 11287; 
295; 2015-07-13 06:06:45.059000; 11287; 
296; 2015-07-13 06:06:46.914000; 11287; 
297; 2015-07-13 06:06:48.351600; 11289; 
298; 2015-07-13 06:06:49.907600; 11289; 
299; 2015-07-13 06:06:51.286600; 11289; 
300; 2015-07-13 06:06:53.027600; 11287; 
301; 2015-07-13 06:06:54.556100; 11287; 
302; 2015-07-13 06:06:56.042000; 11287; 
303; 2015-07-13 06:06:57.478400; 11287; 
304; 2015-07-13 06:06:58.855900; 11287; 
305; 2015-07-13 06:07:00.311700; 11287; 
306; 2015-07-13 06:07:02.438900; 11284; 
307; 2015-07-13 06:07:03.821100; 11283; 
308; 2015-07-13 06:07:05.470700; 11283; 
309; 2015-07-13 06:07:06.948800; 11283; 
310; 2015-07-13 06:07:08.577500; 11282; 
311; 2015-07-13 06:07:10.083800; 11282; 
312; 2015-07-13 06:07:11.612400; 11282; 
313; 2015-07-13 06:07:12.997800; 11282; 
314; 2015-07-13 06:07:14.450600; 11275; 
315; 2015-07-13 06:07:15.972800; 11275; 
316; 2015-07-13 06:07:17.428100; 11275; 
317; 2015-07-13 06:07:18.821600; 11275; 
318; 2015-07-13 06:07:20.336400; 11273; 
319; 2015-07-13 06:07:23.862300; 11273; 
320; 2015-07-13 06:07:25.277200; 11268; 
321; 2015-07-13 06:07:26.673800; 11268; 
322; 2015-07-13 06:07:28.072000; 11268; 
323; 2015-07-13 06:07:29.527200; 11268; 
324; 2015-07-13 06:07:31.053200; 11268; 
325; 2015-07-13 06:07:32.562600; 11270; 
326; 2015-07-13 06:07:34.049600; 11270; 
327; 2015-07-13 06:07:35.565900; 11268; 
328; 2015-07-13 06:07:37.012300; 11270; 
329; 2015-07-13 06:07:38.564300; 11270; 
330; 2015-07-13 06:07:40.180300; 11271; 
331; 2015-07-13 06:07:41.570300; 11271; 
332; 2015-07-13 06:07:43.155000; 11273; 
333; 2015-07-13 06:07:44.647300; 11273; 
334; 2015-07-13 06:07:46.179400; 11274; 
335; 2015-07-13 06:07:47.799300; 11278; 
336; 2015-07-13 06:07:49.195600; 11278; 
337; 2015-07-13 06:07:50.846400; 11274; 
338; 2015-07-13 06:07:53.013700; 11278; 
339; 2015-07-13 06:07:54.493900; 11272; 
340; 2015-07-13 06:07:56.208400; 11272; 
341; 2015-07-13 06:07:57.609800; 11272; 
342; 2015-07-13 06:07:59.269000; 11272; 
343; 2015-07-13 06:08:00.653700; 11276; 
344; 2015-07-13 06:08:02.099500; 11276; 
345; 2015-07-13 06:08:03.481600; 11276; 
346; 2015-07-13 06:08:05.048200; 11273; 
347; 2015-07-13 06:08:06.416700; 11273; 
348; 2015-07-13 06:08:07.886700; 11273; 
349; 2015-07-13 06:08:09.253400; 11273; 
350; 2015-07-13 06:08:10.649800; 11273; 
351; 2015-07-13 06:08:12.092500; 11271; 
352; 2015-07-13 06:08:13.939700; 11271; 
353; 2015-07-13 06:08:15.492800; 11273; 
354; 2015-07-13 06:08:17.009100; 11273; 
355; 2015-07-13 06:08:18.484600; 11273; 
356; 2015-07-13 06:08:19.877100; 11273; 
357; 2015-07-13 06:08:21.259500; 11273; 
358; 2015-07-13 06:08:23.128400; 11272; 
359; 2015-07-13 06:08:24.546700; 11272; 
360; 2015-07-13 06:08:26.051500; 11271; 
361; 2015-07-13 06:08:27.442600; 11271; 
362; 2015-07-13 06:08:28.886200; 11271; 
363; 2015-07-13 06:08:30.397700; 11273; 
364; 2015-07-13 06:08:31.821500; 11273; 
365; 2015-07-13 06:08:33.195400; 11274; 
366; 2015-07-13 06:08:34.727700; 11274; 
367; 2015-07-13 06:08:36.141500; 11274; 
368; 2015-07-13 06:08:37.586700; 11274; 
369; 2015-07-13 06:08:39.169000; 11274; 
370; 2015-07-13 06:08:40.621400; 11274; 
371; 2015-07-13 06:08:42.068300; 11273; 
372; 2015-07-13 06:08:43.599800; 11273; 
373; 2015-07-13 06:08:44.993500; 11273; 
374; 2015-07-13 06:08:46.394100; 11273; 
375; 2015-07-13 06:08:47.792900; 11272; 
376; 2015-07-13 06:08:49.162800; 11272; 
377; 2015-07-13 06:08:50.676600; 11272; 
378; 2015-07-13 06:08:52.053500; 11270; 
379; 2015-07-13 06:08:53.586800; 11270; 
380; 2015-07-13 06:08:55.118300; 11270; 
381; 2015-07-13 06:08:56.539000; 11270; 
382; 2015-07-13 06:08:58.025100; 11271; 
383; 2015-07-13 06:08:59.417100; 11271; 
384; 2015-07-13 06:09:00.936900; 11271; 
385; 2015-07-13 06:09:02.369700; 11272; 
386; 2015-07-13 06:09:03.769500; 11272; 
387; 2015-07-13 06:09:07.142400; 11268; 
388; 2015-07-13 06:09:08.837700; 11268; 
389; 2015-07-13 06:09:10.296900; 11268; 
390; 2015-07-13 06:09:11.884200; 11268; 
391; 2015-07-13 06:09:13.302400; 11268; 
392; 2015-07-13 06:09:14.810300; 11268; 
393; 2015-07-13 06:09:16.307300; 11268; 
394; 2015-07-13 06:09:17.677800; 11268; 
395; 2015-07-13 06:09:19.047300; 11268; 
396; 2015-07-13 06:09:20.444000; 11268; 
397; 2015-07-13 06:09:21.916700; 11271; 
398; 2015-07-13 06:09:23.490400; 11271; 
399; 2015-07-13 06:09:24.938400; 11271; 
400; 2015-07-13 06:09:26.570800; 11271; 
401; 2015-07-13 06:09:28.013400; 11270; 
402; 2015-07-13 06:09:29.444300; 11271; 
403; 2015-07-13 06:09:30.840200; 11271; 
404; 2015-07-13 06:09:32.334500; 11271; 
405; 2015-07-13 06:09:33.850300; 11271; 
406; 2015-07-13 06:09:35.315700; 11271; 
407; 2015-07-13 06:09:36.756500; 11271; 
408; 2015-07-13 06:09:38.180600; 11270; 
409; 2015-07-13 06:09:39.690000; 11270; 
410; 2015-07-13 06:09:41.167100; 11270; 
411; 2015-07-13 06:09:42.710600; 11270; 
412; 2015-07-13 06:09:44.544400; 11270; 
413; 2015-07-13 06:09:45.919800; 11263; 
414; 2015-07-13 06:09:47.436300; 11263; 
415; 2015-07-13 06:09:48.875900; 11263; 
416; 2015-07-13 06:09:50.373300; 11261; 
417; 2015-07-13 06:09:51.880400; 11261; 
418; 2015-07-13 06:09:53.449000; 11261; 
419; 2015-07-13 06:09:55.028500; 11254; 
420; 2015-07-13 06:09:56.562300; 11254; 
421; 2015-07-13 06:09:57.962600; 11254; 
422; 2015-07-13 06:09:59.424400; 11254; 
423; 2015-07-13 06:10:01.374800; 11254; 
424; 2015-07-13 06:10:02.866000; 11254; 
425; 2015-07-13 06:10:04.420000; 11264; 
426; 2015-07-13 06:10:05.841100; 11264; 
427; 2015-07-13 06:10:07.269600; 11264; 
428; 2015-07-13 06:10:08.762700; 11264; 
429; 2015-07-13 06:10:10.157300; 11264; 
430; 2015-07-13 06:10:11.598500; 11264; 
431; 2015-07-13 06:10:13.197800; 11261; 
432; 2015-07-13 06:10:19.926200; 11261; 
433; 2015-07-13 06:10:25.853000; 11259; 
434; 2015-07-13 06:10:27.424800; 11259; 
435; 2015-07-13 06:10:28.948700; 11267; 
436; 2015-07-13 06:10:30.313400; 11267; 
437; 2015-07-13 06:10:31.686300; 11267; 
438; 2015-07-13 06:10:33.170100; 11267; 
439; 2015-07-13 06:10:34.677400; 11265; 
440; 2015-07-13 06:10:39.175400; 11265; 
441; 2015-07-13 06:10:40.625600; 11265; 
442; 2015-07-13 06:10:49.963900; 11266; 
443; 2015-07-13 06:10:51.551400; 11266; 
444; 2015-07-13 06:10:53.104500; 11266; 
445; 2015-07-13 06:10:54.978400; 11269; 
446; 2015-07-13 06:10:56.350800; 11269; 
447; 2015-07-13 06:10:57.847500; 11269; 
448; 2015-07-13 06:10:59.323200; 11269; 
449; 2015-07-13 06:11:00.761200; 11269; 
450; 2015-07-13 06:11:02.326300; 11267; 
451; 2015-07-13 06:11:03.898900; 11267; 
452; 2015-07-13 06:11:05.453300; 11270; 
453; 2015-07-13 06:11:06.878500; 11270; 
454; 2015-07-13 06:11:08.347000; 11270; 
455; 2015-07-13 06:11:09.764700; 11270; 
456; 2015-07-13 06:11:11.147000; 11270; 
457; 2015-07-13 06:11:12.541400; 11268; 
458; 2015-07-13 06:11:13.917700; 11268; 
459; 2015-07-13 06:11:15.428400; 11268; 
460; 2015-07-13 06:11:16.802300; 11268; 
461; 2015-07-13 06:11:18.245400; 11268; 
462; 2015-07-13 06:11:19.737300; 11268; 
463; 2015-07-13 06:11:21.293200; 11268; 
464; 2015-07-13 06:11:22.732700; 11268; 
465; 2015-07-13 06:11:24.129700; 11268; 
466; 2015-07-13 06:11:28.764600; 11268; 
467; 2015-07-13 06:11:30.155200; 11268; 
468; 2015-07-13 06:11:31.607200; 11270; 
469; 2015-07-13 06:11:33.139400; 11270; 
470; 2015-07-13 06:11:34.582400; 11272; 
471; 2015-07-13 06:11:36.115100; 11272; 
472; 2015-07-13 06:11:37.515500; 11272; 
473; 2015-07-13 06:11:38.991100; 11272; 
474; 2015-07-13 06:11:40.622000; 11272; 
475; 2015-07-13 06:11:42.187600; 11266; 
476; 2015-07-13 06:11:43.688500; 11266; 
477; 2015-07-13 06:11:45.233400; 11266; 
478; 2015-07-13 06:11:46.771000; 11266; 
479; 2015-07-13 06:11:48.237900; 11266; 
480; 2015-07-13 06:11:49.631300; 11265; 
481; 2015-07-13 06:11:51.032300; 11265; 
482; 2015-07-13 06:11:52.515400; 11265; 
483; 2015-07-13 06:11:54.062400; 11270; 
484; 2015-07-13 06:11:55.434200; 11270; 
485; 2015-07-13 06:11:56.802600; 11270; 
486; 2015-07-13 06:11:58.499600; 11270; 
487; 2015-07-13 06:11:59.865700; 11271; 
488; 2015-07-13 06:12:01.359100; 11271; 
489; 2015-07-13 06:12:02.880400; 11271; 
490; 2015-07-13 06:12:04.356600; 11273; 
491; 2015-07-13 06:12:05.790400; 11273; 
492; 2015-07-13 06:12:07.318400; 11273; 
493; 2015-07-13 06:12:08.719900; 11273; 
494; 2015-07-13 06:12:10.253000; 11273; 
495; 2015-07-13 06:12:11.793800; 11273; 
496; 2015-07-13 06:12:13.290500; 11273; 
497; 2015-07-13 06:12:14.862600; 11273; 
498; 2015-07-13 06:12:16.385200; 11271; 
499; 2015-07-13 06:12:17.892800; 11271; 
500; 2015-07-13 06:12:19.415500; 11271; 
501; 2015-07-13 06:12:20.923800; 11273; 
502; 2015-07-13 06:12:22.331700; 11273; 
503; 2015-07-13 06:12:23.851800; 11272; 
504; 2015-07-13 06:12:25.275700; 11272; 
505; 2015-07-13 06:12:26.680400; 11272; 
506; 2015-07-13 06:12:28.075700; 11272; 
507; 2015-07-13 06:12:29.489700; 11272; 
508; 2015-07-13 06:12:31.009000; 11272; 
509; 2015-07-13 06:12:32.387200; 11270; 
510; 2015-07-13 06:12:33.764000; 11270; 
511; 2015-07-13 06:12:35.360200; 11270; 
512; 2015-07-13 06:12:36.843100; 11270; 
513; 2015-07-13 06:12:38.427000; 11268; 
514; 2015-07-13 06:12:39.829300; 11268; 
515; 2015-07-13 06:12:41.252700; 11270; 
516; 2015-07-13 06:12:42.673700; 11270; 
517; 2015-07-13 06:12:44.317800; 11270; 
518; 2015-07-13 06:12:45.938100; 11270; 
519; 2015-07-13 06:12:48.798500; 11267; 
520; 2015-07-13 06:12:50.235800; 11267; 
521; 2015-07-13 06:12:51.731500; 11269; 
522; 2015-07-13 06:12:53.191700; 11269; 
523; 2015-07-13 06:12:54.672500; 11268; 
524; 2015-07-13 06:12:56.159100; 11268; 
525; 2015-07-13 06:12:58.749300; 11268; 
526; 2015-07-13 06:13:00.216800; 11267; 
527; 2015-07-13 06:13:01.753000; 11267; 
528; 2015-07-13 06:13:03.250300; 11267; 
529; 2015-07-13 06:13:04.873800; 11267; 
530; 2015-07-13 06:13:06.312800; 11268; 
531; 2015-07-13 06:13:07.841900; 11268; 
532; 2015-07-13 06:13:09.324700; 11268; 
533; 2015-07-13 06:13:10.904700; 11268; 
534; 2015-07-13 06:13:12.392300; 11268; 
535; 2015-07-13 06:13:13.795200; 11268; 
536; 2015-07-13 06:13:15.383700; 11268; 
537; 2015-07-13 06:13:16.950900; 11269; 
538; 2015-07-13 06:13:18.348800; 11268; 
539; 2015-07-13 06:13:19.721000; 11268; 
540; 2015-07-13 06:13:21.111200; 11268; 
541; 2015-07-13 06:13:22.648400; 11268; 
542; 2015-07-13 06:13:24.261900; 11268; 
543; 2015-07-13 06:13:25.736400; 11268; 
544; 2015-07-13 06:13:27.105100; 11271; 
545; 2015-07-13 06:13:28.842600; 11271; 
546; 2015-07-13 06:13:30.211200; 11270; 
547; 2015-07-13 06:13:31.739500; 11270; 
548; 2015-07-13 06:13:33.345500; 11268; 
549; 2015-07-13 06:13:34.860600; 11268; 
550; 2015-07-13 06:13:36.281700; 11269; 
551; 2015-07-13 06:13:37.771400; 11269; 
552; 2015-07-13 06:13:39.214100; 11269; 
553; 2015-07-13 06:13:40.582500; 11269; 
554; 2015-07-13 06:13:42.153900; 11269; 
555; 2015-07-13 06:13:43.554300; 11269; 
556; 2015-07-13 06:13:45.089700; 11268; 
557; 2015-07-13 06:13:46.465300; 11269; 
558; 2015-07-13 06:13:47.980600; 11269; 
559; 2015-07-13 06:13:49.457100; 11269; 
560; 2015-07-13 06:13:50.836400; 11272; 
561; 2015-07-13 06:13:52.311000; 11272; 
562; 2015-07-13 06:13:53.683000; 11272; 
563; 2015-07-13 06:13:55.053200; 11272; 
564; 2015-07-13 06:13:56.438700; 11272; 
565; 2015-07-13 06:13:57.936800; 11272; 
566; 2015-07-13 06:13:59.519300; 11272; 
567; 2015-07-13 06:14:01.067700; 11272; 
568; 2015-07-13 06:14:02.645200; 11272; 
569; 2015-07-13 06:14:04.015900; 11272; 
570; 2015-07-13 06:14:05.609300; 11272; 
571; 2015-07-13 06:14:07.111000; 11274; 
572; 2015-07-13 06:14:08.530300; 11274; 
573; 2015-07-13 06:14:09.911500; 11274; 
574; 2015-07-13 06:14:11.734300; 11273; 
575; 2015-07-13 06:14:14.857200; 11274; 
576; 2015-07-13 06:14:16.256400; 11274; 
577; 2015-07-13 06:14:17.662900; 11276; 
578; 2015-07-13 06:14:19.837100; 11276; 
579; 2015-07-13 06:14:21.285100; 11276; 
580; 2015-07-13 06:14:22.989000; 11276; 
581; 2015-07-13 06:14:24.628600; 11279; 
582; 2015-07-13 06:14:26.127100; 11279; 
583; 2015-07-13 06:14:27.669600; 11279; 
584; 2015-07-13 06:14:29.061200; 11279; 
585; 2015-07-13 06:14:30.576400; 11279; 
586; 2015-07-13 06:14:32.133300; 11279; 
587; 2015-07-13 06:14:33.507600; 11279; 
588; 2015-07-13 06:14:35.120700; 11279; 
589; 2015-07-13 06:14:36.669300; 11279; 
590; 2015-07-13 06:14:38.194700; 11279; 
591; 2015-07-13 06:14:39.690800; 11279; 
592; 2015-07-13 06:14:41.227700; 11279; 
593; 2015-07-13 06:14:42.709900; 11279; 
594; 2015-07-13 06:14:44.203300; 11279; 
595; 2015-07-13 06:14:45.794800; 11279; 
596; 2015-07-13 06:14:47.412400; 11279; 
597; 2015-07-13 06:14:48.834000; 11279; 
598; 2015-07-13 06:14:50.253400; 11280; 
599; 2015-07-13 06:14:51.626100; 11283; 
600; 2015-07-13 06:14:53.016200; 11283; 
601; 2015-07-13 06:14:54.484700; 11283; 
602; 2015-07-13 06:14:55.889000; 11283; 
603; 2015-07-13 06:14:57.432300; 11282; 
604; 2015-07-13 06:14:58.813000; 11282; 
605; 2015-07-13 06:15:00.233900; 11280; 
606; 2015-07-13 06:15:01.771800; 11280; 
607; 2015-07-13 06:15:03.173300; 11280; 
608; 2015-07-13 06:15:04.723500; 11280; 
609; 2015-07-13 06:15:06.290500; 11282; 
610; 2015-07-13 06:15:07.908200; 11282; 
611; 2015-07-13 06:15:09.277200; 11282; 
612; 2015-07-13 06:15:10.647800; 11282; 
613; 2015-07-13 06:15:14.825700; 11281; 
614; 2015-07-13 06:15:16.342200; 11281; 
615; 2015-07-13 06:15:19.905300; 11281; 
616; 2015-07-13 06:15:24.906400; 11281; 
617; 2015-07-13 06:15:26.308300; 11282; 
618; 2015-07-13 06:15:27.704100; 11282; 
619; 2015-07-13 06:15:29.224200; 11282; 
620; 2015-07-13 06:15:30.670000; 11281; 
621; 2015-07-13 06:15:32.057300; 11279; 
622; 2015-07-13 06:15:33.591800; 11279; 
623; 2015-07-13 06:15:35.318300; 11279; 
624; 2015-07-13 06:15:36.714400; 11279; 
625; 2015-07-13 06:15:38.164400; 11279; 
626; 2015-07-13 06:15:39.534000; 11279; 
627; 2015-07-13 06:15:40.947400; 11279; 
628; 2015-07-13 06:15:42.385900; 11281; 
629; 2015-07-13 06:15:43.757500; 11281; 
630; 2015-07-13 06:15:45.401400; 11278; 
631; 2015-07-13 06:15:46.911700; 11278; 
632; 2015-07-13 06:15:48.326200; 11278; 
633; 2015-07-13 06:15:49.754400; 11280; 
634; 2015-07-13 06:15:51.542900; 11278; 
635; 2015-07-13 06:15:52.969400; 11277; 
636; 2015-07-13 06:15:54.350200; 11277; 
637; 2015-07-13 06:15:55.774700; 11277; 
638; 2015-07-13 06:15:57.240200; 11277; 
639; 2015-07-13 06:15:58.836000; 11277; 
640; 2015-07-13 06:16:01.363800; 11277; 
641; 2015-07-13 06:16:02.941400; 11277; 
642; 2015-07-13 06:16:04.321600; 11277; 
643; 2015-07-13 06:16:05.900900; 11277; 
644; 2015-07-13 06:16:07.333100; 11276; 
645; 2015-07-13 06:16:08.728500; 11275; 
646; 2015-07-13 06:16:10.126300; 11276; 
647; 2015-07-13 06:16:11.588600; 11275; 
648; 2015-07-13 06:16:12.999700; 11273; 
649; 2015-07-13 06:16:14.440300; 11273; 
650; 2015-07-13 06:16:16.026000; 11273; 
651; 2015-07-13 06:16:17.472600; 11273; 
652; 2015-07-13 06:16:19.117500; 11273; 
653; 2015-07-13 06:16:20.538400; 11272; 
654; 2015-07-13 06:16:22.141800; 11273; 
655; 2015-07-13 06:16:23.536200; 11272; 
656; 2015-07-13 06:16:25.093200; 11272; 
657; 2015-07-13 06:16:26.532600; 11272; 
658; 2015-07-13 06:16:27.976300; 11272; 
659; 2015-07-13 06:16:29.372100; 11272; 
660; 2015-07-13 06:16:30.917400; 11272; 
661; 2015-07-13 06:16:32.364500; 11272; 
662; 2015-07-13 06:16:33.794000; 11272; 
663; 2015-07-13 06:16:35.291800; 11269; 
664; 2015-07-13 06:16:36.711400; 11269; 
665; 2015-07-13 06:16:38.366900; 11269; 
666; 2015-07-13 06:16:39.814400; 11269; 
667; 2015-07-13 06:16:41.403400; 11269; 
668; 2015-07-13 06:16:42.800400; 11269; 
669; 2015-07-13 06:16:44.410200; 11269; 
670; 2015-07-13 06:16:45.967700; 11269; 
671; 2015-07-13 06:16:47.502400; 11269; 
672; 2015-07-13 06:16:48.948700; 11269; 
673; 2015-07-13 06:16:50.518200; 11271; 
674; 2015-07-13 06:16:52.054800; 11271; 
675; 2015-07-13 06:16:53.443000; 11271; 
676; 2015-07-13 06:16:54.870200; 11267; 
677; 2015-07-13 06:16:56.295000; 11267; 
678; 2015-07-13 06:16:57.677400; 11267; 
679; 2015-07-13 06:16:59.199200; 11269; 
680; 2015-07-13 06:17:00.890500; 11269; 
681; 2015-07-13 06:17:02.466000; 11269; 
682; 2015-07-13 06:17:03.887000; 11271; 
683; 2015-07-13 06:17:05.399000; 11271; 
684; 2015-07-13 06:17:06.892900; 11273; 
685; 2015-07-13 06:17:08.277300; 11273; 
686; 2015-07-13 06:17:09.786000; 11273; 
687; 2015-07-13 06:17:11.360500; 11275; 
688; 2015-07-13 06:17:12.887000; 11276; 
689; 2015-07-13 06:17:14.261800; 11276; 
690; 2015-07-13 06:17:15.627900; 11273; 
691; 2015-07-13 06:17:17.222500; 11273; 
692; 2015-07-13 06:17:18.816000; 11273; 
693; 2015-07-13 06:17:20.265900; 11273; 
694; 2015-07-13 06:17:21.682900; 11274; 
695; 2015-07-13 06:17:23.062300; 11272; 
696; 2015-07-13 06:17:24.513900; 11272; 
697; 2015-07-13 06:17:26.050300; 11272; 
698; 2015-07-13 06:17:28.342500; 11272; 
699; 2015-07-13 06:17:29.736300; 11272; 
700; 2015-07-13 06:17:31.280700; 11272; 
701; 2015-07-13 06:17:32.652400; 11272; 
702; 2015-07-13 06:17:34.047400; 11272; 
703; 2015-07-13 06:17:35.569800; 11271; 
704; 2015-07-13 06:17:37.210100; 11272; 
705; 2015-07-13 06:17:38.582100; 11271; 
706; 2015-07-13 06:17:40.414600; 11271; 
707; 2015-07-13 06:17:41.792900; 11271; 
708; 2015-07-13 06:17:43.330300; 11271; 
709; 2015-07-13 06:17:44.714200; 11271; 
710; 2015-07-13 06:17:46.221500; 11271; 
711; 2015-07-13 06:17:47.592000; 11269; 
712; 2015-07-13 06:17:49.098800; 11269; 
713; 2015-07-13 06:17:50.915500; 11268; 
714; 2015-07-13 06:17:52.363700; 11268; 
715; 2015-07-13 06:17:53.870500; 11268; 
716; 2015-07-13 06:17:55.316100; 11268; 
717; 2015-07-13 06:17:57.056800; 11268; 
718; 2015-07-13 06:17:58.510800; 11269; 
719; 2015-07-13 06:18:00.111700; 11269; 
720; 2015-07-13 06:18:01.710600; 11269; 
721; 2015-07-13 06:18:03.173200; 11269; 
722; 2015-07-13 06:18:04.543600; 11269; 
723; 2015-07-13 06:18:06.067100; 11269; 
724; 2015-07-13 06:18:07.671800; 11269; 
725; 2015-07-13 06:18:09.063100; 11269; 
726; 2015-07-13 06:18:10.511400; 11269; 
727; 2015-07-13 06:18:12.068700; 11272; 
728; 2015-07-13 06:18:13.648800; 11272; 
729; 2015-07-13 06:18:15.039600; 11272; 
730; 2015-07-13 06:18:16.585900; 11272; 
731; 2015-07-13 06:18:18.189000; 11272; 
732; 2015-07-13 06:18:19.682700; 11274; 
733; 2015-07-13 06:18:21.221100; 11274; 
734; 2015-07-13 06:18:22.850700; 11274; 
735; 2015-07-13 06:18:24.430000; 11275; 
736; 2015-07-13 06:18:25.942900; 11275; 
737; 2015-07-13 06:18:27.345600; 11275; 
738; 2015-07-13 06:18:28.760300; 11275; 
739; 2015-07-13 06:18:30.191800; 11275; 
740; 2015-07-13 06:18:31.755700; 11275; 
741; 2015-07-13 06:18:33.252400; 11274; 
742; 2015-07-13 06:18:34.758200; 11274; 
743; 2015-07-13 06:18:36.153300; 11274; 
744; 2015-07-13 06:18:37.570000; 11283; 
745; 2015-07-13 06:18:38.941100; 11283; 
746; 2015-07-13 06:18:40.317200; 11283; 
747; 2015-07-13 06:18:41.878500; 11281; 
748; 2015-07-13 06:18:43.451000; 11280; 
749; 2015-07-13 06:18:45.068900; 11280; 
750; 2015-07-13 06:18:46.582100; 11280; 
751; 2015-07-13 06:18:48.028300; 11280; 
752; 2015-07-13 06:18:49.533700; 11280; 
753; 2015-07-13 06:18:50.971200; 11280; 
754; 2015-07-13 06:18:52.395300; 11280; 
755; 2015-07-13 06:18:53.844500; 11277; 
756; 2015-07-13 06:18:55.217600; 11277; 
757; 2015-07-13 06:18:56.716500; 11277; 
758; 2015-07-13 06:18:58.266600; 11277; 
759; 2015-07-13 06:18:59.791000; 11277; 
760; 2015-07-13 06:19:01.211600; 11277; 
761; 2015-07-13 06:19:02.735300; 11277; 
762; 2015-07-13 06:19:04.192600; 11277; 
763; 2015-07-13 06:19:05.592100; 11277; 
764; 2015-07-13 06:19:07.007900; 11277; 
765; 2015-07-13 06:19:08.435300; 11278; 
766; 2015-07-13 06:19:09.806600; 11278; 
767; 2015-07-13 06:19:11.356000; 11278; 
768; 2015-07-13 06:19:12.806500; 11277; 
769; 2015-07-13 06:19:14.194800; 11277; 
770; 2015-07-13 06:19:15.593400; 11277; 
771; 2015-07-13 06:19:17.016800; 11277; 
772; 2015-07-13 06:19:19.598400; 11277; 
773; 2015-07-13 06:19:21.099400; 11277; 
774; 2015-07-13 06:19:22.631400; 11276; 
775; 2015-07-13 06:19:24.324600; 11276; 
776; 2015-07-13 06:19:25.817200; 11277; 
777; 2015-07-13 06:19:27.374700; 11277; 
778; 2015-07-13 06:19:28.771000; 11278; 
779; 2015-07-13 06:19:30.165400; 11278; 
780; 2015-07-13 06:19:31.903300; 11277; 
781; 2015-07-13 06:19:33.305100; 11277; 
782; 2015-07-13 06:19:34.756600; 11277; 
783; 2015-07-13 06:19:36.209300; 11277; 
784; 2015-07-13 06:19:37.648200; 11277; 
785; 2015-07-13 06:19:39.184400; 11277; 
786; 2015-07-13 06:19:40.686700; 11277; 
787; 2015-07-13 06:19:42.262700; 11277; 
788; 2015-07-13 06:19:43.834100; 11277; 
789; 2015-07-13 06:19:45.206900; 11277; 
790; 2015-07-13 06:19:46.577500; 11277; 
791; 2015-07-13 06:19:47.949300; 11276; 
792; 2015-07-13 06:19:49.581500; 11275; 
793; 2015-07-13 06:19:50.951500; 11275; 
794; 2015-07-13 06:19:52.462500; 11275; 
795; 2015-07-13 06:19:53.915700; 11275; 
796; 2015-07-13 06:19:55.401900; 11277; 
797; 2015-07-13 06:19:56.853000; 11277; 
798; 2015-07-13 06:19:58.280700; 11278; 
799; 2015-07-13 06:19:59.845400; 11278; 
800; 2015-07-13 06:20:01.282000; 11277; 
801; 2015-07-13 06:20:02.738900; 11277; 
802; 2015-07-13 06:20:04.140100; 11277; 
803; 2015-07-13 06:20:05.655200; 11277; 
804; 2015-07-13 06:20:07.349500; 11277; 
805; 2015-07-13 06:20:08.798200; 11277; 
806; 2015-07-13 06:20:10.289100; 11277; 
807; 2015-07-13 06:20:11.705100; 11277; 
808; 2015-07-13 06:20:13.141200; 11277; 
809; 2015-07-13 06:20:14.577100; 11277; 
810; 2015-07-13 06:20:16.020600; 11277; 
811; 2015-07-13 06:20:17.393900; 11277; 
812; 2015-07-13 06:20:18.876400; 11277; 
813; 2015-07-13 06:20:22.126300; 11278; 
814; 2015-07-13 06:20:23.675300; 11278; 
815; 2015-07-13 06:20:25.297300; 11278; 
816; 2015-07-13 06:20:26.754300; 11276; 
817; 2015-07-13 06:20:28.168000; 11276; 
818; 2015-07-13 06:20:29.706600; 11276; 
819; 2015-07-13 06:20:31.193000; 11278; 
820; 2015-07-13 06:20:32.971600; 11278; 
821; 2015-07-13 06:20:34.549600; 11278; 
822; 2015-07-13 06:20:35.996300; 11278; 
823; 2015-07-13 06:20:37.631200; 11278; 
824; 2015-07-13 06:20:39.077600; 11278; 
825; 2015-07-13 06:20:40.518900; 11278; 
826; 2015-07-13 06:20:41.996400; 11277; 
827; 2015-07-13 06:20:43.409000; 11277; 
828; 2015-07-13 06:20:45.062700; 11277; 
829; 2015-07-13 06:20:46.437500; 11277; 
830; 2015-07-13 06:20:47.964200; 11277; 
831; 2015-07-13 06:20:49.412200; 11277; 
832; 2015-07-13 06:20:50.961000; 11277; 
833; 2015-07-13 06:20:52.734800; 11277; 
834; 2015-07-13 06:20:54.286000; 11277; 
835; 2015-07-13 06:20:55.659800; 11277; 
836; 2015-07-13 06:20:57.162900; 11277; 
837; 2015-07-13 06:20:58.562600; 11277; 
838; 2015-07-13 06:21:00.018100; 11276; 
839; 2015-07-13 06:21:01.473300; 11276; 
840; 2015-07-13 06:21:02.906800; 11274; 
841; 2015-07-13 06:21:04.436400; 11274; 
842; 2015-07-13 06:21:05.891200; 11274; 
843; 2015-07-13 06:21:07.327600; 11274; 
844; 2015-07-13 06:21:08.821900; 11277; 
845; 2015-07-13 06:21:10.337500; 11277; 
846; 2015-07-13 06:21:11.789900; 11277; 
847; 2015-07-13 06:21:13.416300; 11278; 
848; 2015-07-13 06:21:14.952700; 11276; 
849; 2015-07-13 06:21:16.326600; 11276; 
850; 2015-07-13 06:21:17.761900; 11276; 
851; 2015-07-13 06:21:19.147400; 11276; 
852; 2015-07-13 06:21:20.737100; 11276; 
853; 2015-07-13 06:21:22.116500; 11276; 
854; 2015-07-13 06:21:23.538100; 11276; 
855; 2015-07-13 06:21:25.049400; 11278; 
856; 2015-07-13 06:21:26.419900; 11278; 
857; 2015-07-13 06:21:27.790700; 11278; 
858; 2015-07-13 06:21:29.628400; 11278; 
859; 2015-07-13 06:21:31.079200; 11279; 
860; 2015-07-13 06:21:32.529000; 11279; 
861; 2015-07-13 06:21:33.909400; 11279; 
862; 2015-07-13 06:21:35.399200; 11279; 
863; 2015-07-13 06:21:36.932400; 11279; 
864; 2015-07-13 06:21:38.493200; 11278; 
865; 2015-07-13 06:21:43.348800; 11278; 
866; 2015-07-13 06:21:44.755800; 11278; 
867; 2015-07-13 06:21:46.204700; 11277; 
868; 2015-07-13 06:21:47.657700; 11277; 
869; 2015-07-13 06:21:49.037300; 11277; 
870; 2015-07-13 06:21:50.616000; 11277; 
871; 2015-07-13 06:21:52.015300; 11277; 
872; 2015-07-13 06:21:53.552700; 11277; 
873; 2015-07-13 06:21:55.200200; 11277; 
874; 2015-07-13 06:21:56.599700; 11277; 
875; 2015-07-13 06:21:58.132000; 11277; 
876; 2015-07-13 06:21:59.805000; 11277; 
877; 2015-07-13 06:22:01.232100; 11277; 
878; 2015-07-13 06:22:02.637700; 11277; 
879; 2015-07-13 06:22:04.037400; 11277; 
880; 2015-07-13 06:22:05.478300; 11277; 
881; 2015-07-13 06:22:07.940300; 11276; 
882; 2015-07-13 06:22:09.350500; 11277; 
883; 2015-07-13 06:22:11.048100; 11277; 
884; 2015-07-13 06:22:12.618300; 11277; 
885; 2015-07-13 06:22:13.989200; 11277; 
886; 2015-07-13 06:22:15.385100; 11278; 
887; 2015-07-13 06:22:16.891600; 11278; 
888; 2015-07-13 06:22:18.290400; 11278; 
889; 2015-07-13 06:22:19.873800; 11278; 
890; 2015-07-13 06:22:21.250200; 11278; 
891; 2015-07-13 06:22:22.761100; 11278; 
892; 2015-07-13 06:22:24.244000; 11279; 
893; 2015-07-13 06:22:25.688000; 11279; 
894; 2015-07-13 06:22:27.108500; 11279; 
895; 2015-07-13 06:22:28.899800; 11281; 
896; 2015-07-13 06:22:30.308800; 11281; 
897; 2015-07-13 06:22:31.897100; 11281; 
898; 2015-07-13 06:22:33.437200; 11281; 
899; 2015-07-13 06:22:34.878400; 11280; 
900; 2015-07-13 06:22:36.391600; 11281; 
901; 2015-07-13 06:22:37.775100; 11281; 
902; 2015-07-13 06:22:39.154100; 11282; 
903; 2015-07-13 06:22:40.721800; 11281; 
904; 2015-07-13 06:22:42.147500; 11281; 
905; 2015-07-13 06:22:43.746300; 11283; 
906; 2015-07-13 06:22:45.298200; 11283; 
907; 2015-07-13 06:22:46.681800; 11278; 
908; 2015-07-13 06:22:48.398700; 11278; 
909; 2015-07-13 06:22:49.964000; 11278; 
910; 2015-07-13 06:22:51.507900; 11279; 
911; 2015-07-13 06:22:53.058500; 11279; 
912; 2015-07-13 06:22:54.433100; 11279; 
913; 2015-07-13 06:22:55.971500; 11279; 
914; 2015-07-13 06:22:57.495000; 11279; 
915; 2015-07-13 06:22:59.039500; 11279; 
916; 2015-07-13 06:23:00.575400; 11278; 
917; 2015-07-13 06:23:02.162400; 11278; 
918; 2015-07-13 06:23:03.689400; 11277; 
919; 2015-07-13 06:23:05.235200; 11277; 
920; 2015-07-13 06:23:06.616600; 11277; 
921; 2015-07-13 06:23:07.985100; 11277; 
922; 2015-07-13 06:23:09.435500; 11278; 
923; 2015-07-13 06:23:11.279700; 11278; 
924; 2015-07-13 06:23:12.922100; 11278; 
925; 2015-07-13 06:23:14.439500; 11278; 
926; 2015-07-13 06:23:15.852600; 11278; 
927; 2015-07-13 06:23:17.778700; 11278; 
928; 2015-07-13 06:23:19.357400; 11277; 
929; 2015-07-13 06:23:20.808300; 11277; 
930; 2015-07-13 06:23:22.308400; 11277; 
931; 2015-07-13 06:23:23.679100; 11277; 
932; 2015-07-13 06:23:25.191600; 11277; 
933; 2015-07-13 06:23:26.702200; 11278; 
934; 2015-07-13 06:23:28.410700; 11278; 
935; 2015-07-13 06:23:29.789400; 11276; 
936; 2015-07-13 06:23:31.397100; 11276; 
937; 2015-07-13 06:23:32.877400; 11276; 
938; 2015-07-13 06:23:34.422500; 11276; 
939; 2015-07-13 06:23:35.922100; 11276; 
940; 2015-07-13 06:23:37.376200; 11276; 
941; 2015-07-13 06:23:38.797600; 11275; 
942; 2015-07-13 06:23:40.343800; 11275; 
943; 2015-07-13 06:23:41.842600; 11275; 
944; 2015-07-13 06:23:43.457400; 11275; 
945; 2015-07-13 06:23:44.934200; 11275; 
946; 2015-07-13 06:23:46.497000; 11275; 
947; 2015-07-13 06:23:47.929200; 11275; 
948; 2015-07-13 06:23:50.013400; 11275; 
949; 2015-07-13 06:23:51.451400; 11275; 
950; 2015-07-13 06:23:52.994900; 11275; 
951; 2015-07-13 06:23:54.624300; 11273; 
952; 2015-07-13 06:23:56.111300; 11273; 
953; 2015-07-13 06:23:57.709000; 11272; 
954; 2015-07-13 06:23:59.161800; 11272; 
955; 2015-07-13 06:24:00.767200; 11272; 
956; 2015-07-13 06:24:02.684400; 11273; 
957; 2015-07-13 06:24:04.105200; 11273; 
958; 2015-07-13 06:24:05.552300; 11273; 
959; 2015-07-13 06:24:07.021300; 11273; 
960; 2015-07-13 06:24:08.424300; 11273; 
961; 2015-07-13 06:24:10.032100; 11275; 
962; 2015-07-13 06:24:11.576200; 11275; 
963; 2015-07-13 06:24:12.970200; 11275; 
964; 2015-07-13 06:24:14.599600; 11274; 
965; 2015-07-13 06:24:16.185300; 11274; 
966; 2015-07-13 06:24:17.636100; 11274; 
967; 2015-07-13 06:24:19.122500; 11274; 
968; 2015-07-13 06:24:20.597400; 11274; 
969; 2015-07-13 06:24:22.210600; 11275; 
970; 2015-07-13 06:24:23.659800; 11275; 
971; 2015-07-13 06:24:25.245700; 11275; 
972; 2015-07-13 06:24:26.656900; 11275; 
973; 2015-07-13 06:24:28.237400; 11276; 
974; 2015-07-13 06:24:29.780200; 11276; 
975; 2015-07-13 06:24:31.271800; 11275; 
976; 2015-07-13 06:24:32.663200; 11275; 
977; 2015-07-13 06:24:34.283600; 11275; 
978; 2015-07-13 06:24:35.787600; 11275; 
979; 2015-07-13 06:24:37.319500; 11275; 
980; 2015-07-13 06:24:39.041000; 11279; 
981; 2015-07-13 06:24:40.619800; 11279; 
982; 2015-07-13 06:24:42.073100; 11279; 
983; 2015-07-13 06:24:43.523900; 11279; 
984; 2015-07-13 06:24:44.919000; 11279; 
985; 2015-07-13 06:24:46.341900; 11277; 
986; 2015-07-13 06:24:47.970900; 11277; 
987; 2015-07-13 06:24:49.477400; 11277; 
988; 2015-07-13 06:24:51.090600; 11277; 
989; 2015-07-13 06:24:52.504500; 11277; 
990; 2015-07-13 06:24:54.048200; 11277; 
991; 2015-07-13 06:24:55.592700; 11277; 
992; 2015-07-13 06:24:57.200000; 11276; 
993; 2015-07-13 06:24:58.722500; 11277; 
994; 2015-07-13 06:25:00.232300; 11276; 
995; 2015-07-13 06:25:01.685100; 11276; 
996; 2015-07-13 06:25:03.220700; 11277; 
997; 2015-07-13 06:25:05.118000; 11278; 
998; 2015-07-13 06:25:06.571500; 11279; 
999; 2015-07-13 06:25:07.958600; 11279; 
1000; 2015-07-13 06:25:09.384200; 11278; 
1001; 2015-07-13 06:25:11.015600; 11279; 
1002; 2015-07-13 06:25:15.614000; 11279; 
1003; 2015-07-13 06:25:17.025200; 11282; 
1004; 2015-07-13 06:25:18.421800; 11282; 
1005; 2015-07-13 06:25:19.998000; 11282; 
1006; 2015-07-13 06:25:21.384800; 11281; 
1007; 2015-07-13 06:25:22.899000; 11281; 
1008; 2015-07-13 06:25:24.567100; 11281; 
1009; 2015-07-13 06:25:26.639200; 11281; 
1010; 2015-07-13 06:25:28.220900; 11281; 
1011; 2015-07-13 06:25:31.093400; 11281; 
1012; 2015-07-13 06:25:32.521200; 11281; 
1013; 2015-07-13 06:25:33.891400; 11281; 
1014; 2015-07-13 06:25:35.332600; 11281; 
1015; 2015-07-13 06:25:36.756500; 11281; 
1016; 2015-07-13 06:25:38.131000; 11281; 
1017; 2015-07-13 06:25:39.644000; 11281; 
1018; 2015-07-13 06:25:41.012200; 11281; 
1019; 2015-07-13 06:25:42.548900; 11281; 
1020; 2015-07-13 06:25:44.089800; 11281; 
1021; 2015-07-13 06:25:45.470900; 11281; 
1022; 2015-07-13 06:25:47.019900; 11279; 
1023; 2015-07-13 06:25:48.419500; 11279; 
1024; 2015-07-13 06:25:49.978300; 11279; 
1025; 2015-07-13 06:25:53.703800; 11279; 
1026; 2015-07-13 06:25:55.354800; 11279; 
1027; 2015-07-13 06:25:56.938400; 11279; 
1028; 2015-07-13 06:25:58.386500; 11279; 
1029; 2015-07-13 06:25:59.974500; 11279; 
1030; 2015-07-13 06:26:01.401600; 11279; 
1031; 2015-07-13 06:26:02.796100; 11279; 
1032; 2015-07-13 06:26:04.387900; 11281; 
1033; 2015-07-13 06:26:05.928000; 11281; 
1034; 2015-07-13 06:26:07.375400; 11281; 
1035; 2015-07-13 06:26:08.794100; 11281; 
1036; 2015-07-13 06:26:10.306600; 11281; 
1037; 2015-07-13 06:26:12.069100; 11281; 
1038; 2015-07-13 06:26:13.671600; 11281; 
1039; 2015-07-13 06:26:15.217500; 11281; 
1040; 2015-07-13 06:26:16.666700; 11281; 
1041; 2015-07-13 06:26:18.178300; 11281; 
1042; 2015-07-13 06:26:19.705000; 11281; 
1043; 2015-07-13 06:26:21.134300; 11281; 
1044; 2015-07-13 06:26:22.540100; 11281; 
1045; 2015-07-13 06:26:24.078100; 11281; 
1046; 2015-07-13 06:26:25.444000; 11281; 
1047; 2015-07-13 06:26:26.875500; 11281; 
1048; 2015-07-13 06:26:28.383900; 11281; 
1049; 2015-07-13 06:26:29.932300; 11281; 
1050; 2015-07-13 06:26:31.353800; 11281; 
1051; 2015-07-13 06:26:32.920800; 11281; 
1052; 2015-07-13 06:26:34.512400; 11281; 
1053; 2015-07-13 06:26:36.183800; 11281; 
1054; 2015-07-13 06:26:37.654500; 11281; 
1055; 2015-07-13 06:26:39.109900; 11281; 
1056; 2015-07-13 06:26:40.631500; 11281; 
1057; 2015-07-13 06:26:42.186200; 11279; 
1058; 2015-07-13 06:26:43.719700; 11279; 
1059; 2015-07-13 06:26:45.366300; 11279; 
1060; 2015-07-13 06:26:46.914400; 11281; 
1061; 2015-07-13 06:26:48.469300; 11281; 
1062; 2015-07-13 06:26:49.848000; 11281; 
1063; 2015-07-13 06:26:51.461300; 11279; 
1064; 2015-07-13 06:26:52.859000; 11279; 
1065; 2015-07-13 06:26:54.351300; 11279; 
1066; 2015-07-13 06:26:55.746200; 11279; 
1067; 2015-07-13 06:26:57.317200; 11279; 
1068; 2015-07-13 06:26:59.068900; 11279; 
1069; 2015-07-13 06:27:00.469800; 11278; 
1070; 2015-07-13 06:27:02.076400; 11279; 
1071; 2015-07-13 06:27:03.450100; 11278; 
1072; 2015-07-13 06:27:05.011100; 11275; 
1073; 2015-07-13 06:27:06.450000; 11275; 
1074; 2015-07-13 06:27:08.129400; 11275; 
1075; 2015-07-13 06:27:09.570600; 11275; 
1076; 2015-07-13 06:27:11.255700; 11275; 
1077; 2015-07-13 06:27:12.886600; 11275; 
1078; 2015-07-13 06:27:14.335500; 11275; 
1079; 2015-07-13 06:27:15.876300; 11274; 
1080; 2015-07-13 06:27:17.483000; 11273; 
1081; 2015-07-13 06:27:19.761900; 11272; 
1082; 2015-07-13 06:27:21.270000; 11271; 
1083; 2015-07-13 06:27:22.744400; 11271; 
1084; 2015-07-13 06:27:24.209900; 11271; 
1085; 2015-07-13 06:27:25.702800; 11271; 
1086; 2015-07-13 06:27:27.094900; 11272; 
1087; 2015-07-13 06:27:28.523800; 11272; 
1088; 2015-07-13 06:27:30.178500; 11272; 
1089; 2015-07-13 06:27:31.930800; 11271; 
1090; 2015-07-13 06:27:33.356600; 11271; 
1091; 2015-07-13 06:27:34.880500; 11271; 
1092; 2015-07-13 06:27:36.788800; 11272; 
1093; 2015-07-13 06:27:38.211900; 11271; 
1094; 2015-07-13 06:27:39.661400; 11271; 
1095; 2015-07-13 06:27:41.111500; 11271; 
1096; 2015-07-13 06:27:42.554300; 11271; 
1097; 2015-07-13 06:27:44.383400; 11275; 
1098; 2015-07-13 06:27:45.852100; 11274; 
1099; 2015-07-13 06:27:47.354300; 11274; 
1100; 2015-07-13 06:27:48.839000; 11274; 
1101; 2015-07-13 06:27:50.213900; 11269; 
1102; 2015-07-13 06:27:51.675900; 11269; 
1103; 2015-07-13 06:27:53.174000; 11269; 
1104; 2015-07-13 06:27:54.669500; 11268; 
1105; 2015-07-13 06:27:56.278600; 11268; 
1106; 2015-07-13 06:27:57.728100; 11268; 
1107; 2015-07-13 06:27:59.133200; 11266; 
1108; 2015-07-13 06:28:00.760800; 11268; 
1109; 2015-07-13 06:28:02.172900; 11268; 
1110; 2015-07-13 06:28:03.771400; 11268; 
1111; 2015-07-13 06:28:05.334400; 11268; 
1112; 2015-07-13 06:28:06.722400; 11268; 
1113; 2015-07-13 06:28:08.142600; 11268; 
1114; 2015-07-13 06:28:09.781000; 11269; 
1115; 2015-07-13 06:28:11.254300; 11268; 
1116; 2015-07-13 06:28:12.833800; 11268; 
1117; 2015-07-13 06:28:14.308500; 11268; 
1118; 2015-07-13 06:28:15.830600; 11268; 
1119; 2015-07-13 06:28:17.842600; 11268; 
1120; 2015-07-13 06:28:19.366500; 11268; 
1121; 2015-07-13 06:28:20.764700; 11268; 
1122; 2015-07-13 06:28:22.238300; 11268; 
1123; 2015-07-13 06:28:23.909200; 11268; 
1124; 2015-07-13 06:28:25.357100; 11268; 
1125; 2015-07-13 06:28:26.881900; 11268; 
1126; 2015-07-13 06:28:28.397000; 11268; 
1127; 2015-07-13 06:28:29.856300; 11268; 
1128; 2015-07-13 06:28:31.349600; 11268; 
1129; 2015-07-13 06:28:32.845000; 11268; 
1130; 2015-07-13 06:28:34.273200; 11268; 
1131; 2015-07-13 06:28:35.816800; 11268; 
1132; 2015-07-13 06:28:37.354000; 11268; 
1133; 2015-07-13 06:28:38.917800; 11268; 
1134; 2015-07-13 06:28:40.452600; 11268; 
1135; 2015-07-13 06:28:41.857700; 11266; 
1136; 2015-07-13 06:28:43.430300; 11268; 
1137; 2015-07-13 06:28:45.300200; 11266; 
1138; 2015-07-13 06:28:46.882600; 11266; 
1139; 2015-07-13 06:28:48.390900; 11266; 
1140; 2015-07-13 06:28:50.001600; 11266; 
1141; 2015-07-13 06:28:51.502100; 11268; 
1142; 2015-07-13 06:28:52.969400; 11268; 
1143; 2015-07-13 06:28:54.505100; 11268; 
1144; 2015-07-13 06:28:56.131300; 11267; 
1145; 2015-07-13 06:28:57.668100; 11268; 
1146; 2015-07-13 06:28:59.267400; 11268; 
1147; 2015-07-13 06:29:00.883400; 11270; 
1148; 2015-07-13 06:29:02.545400; 11270; 
1149; 2015-07-13 06:29:04.425500; 11274; 
1150; 2015-07-13 06:29:05.934700; 11274; 
1151; 2015-07-13 06:29:07.342300; 11274; 
1152; 2015-07-13 06:29:09.286300; 11274; 
1153; 2015-07-13 06:29:10.748600; 11274; 
1154; 2015-07-13 06:29:13.634000; 11271; 
1155; 2015-07-13 06:29:15.010500; 11271; 
1156; 2015-07-13 06:29:16.517800; 11271; 
1157; 2015-07-13 06:29:18.184100; 11270; 
1158; 2015-07-13 06:29:19.755400; 11270; 
1159; 2015-07-13 06:29:21.152500; 11270; 
1160; 2015-07-13 06:29:22.625300; 11270; 
1161; 2015-07-13 06:29:24.145200; 11270; 
1162; 2015-07-13 06:29:25.607400; 11270; 
1163; 2015-07-13 06:29:26.984500; 11270; 
1164; 2015-07-13 06:29:28.380000; 11271; 
1165; 2015-07-13 06:29:29.763600; 11271; 
1166; 2015-07-13 06:29:31.311800; 11272; 
1167; 2015-07-13 06:29:32.702100; 11272; 
1168; 2015-07-13 06:29:34.149400; 11272; 
1169; 2015-07-13 06:29:35.722500; 11272; 
1170; 2015-07-13 06:29:37.115500; 11271; 
1171; 2015-07-13 06:29:38.845200; 11271; 
1172; 2015-07-13 06:29:40.268200; 11271; 
1173; 2015-07-13 06:29:41.797600; 11271; 
1174; 2015-07-13 06:29:43.243800; 11271; 
1175; 2015-07-13 06:29:44.700300; 11271; 
1176; 2015-07-13 06:29:46.264800; 11271; 
1177; 2015-07-13 06:29:47.857100; 11271; 
1178; 2015-07-13 06:29:49.491000; 11271; 
1179; 2015-07-13 06:29:50.887600; 11271; 
1180; 2015-07-13 06:29:52.283600; 11271; 
1181; 2015-07-13 06:29:53.710200; 11271; 
1182; 2015-07-13 06:29:55.199000; 11268; 
1183; 2015-07-13 06:29:56.690500; 11268; 
1184; 2015-07-13 06:29:58.420900; 11268; 
1185; 2015-07-13 06:29:59.895500; 11268; 
1186; 2015-07-13 06:30:01.292900; 11268; 
1187; 2015-07-13 06:30:02.765500; 11268; 
1188; 2015-07-13 06:30:04.189700; 11268; 
1189; 2015-07-13 06:30:05.670300; 11269; 
1190; 2015-07-13 06:30:07.196200; 11269; 
1191; 2015-07-13 06:30:08.618800; 11269; 
1192; 2015-07-13 06:30:10.162300; 11268; 
1193; 2015-07-13 06:30:11.755700; 11268; 
1194; 2015-07-13 06:30:13.142700; 11268; 
1195; 2015-07-13 06:30:14.594200; 11268; 
1196; 2015-07-13 06:30:20.674600; 11268; 
1197; 2015-07-13 06:30:22.098100; 11267; 
1198; 2015-07-13 06:30:23.658400; 11267; 
1199; 2015-07-13 06:30:25.109900; 11267; 
1200; 2015-07-13 06:30:26.502200; 11267; 
1201; 2015-07-13 06:30:28.065900; 11267; 
1202; 2015-07-13 06:30:29.625100; 11267; 
1203; 2015-07-13 06:30:33.543000; 11267; 
1204; 2015-07-13 06:30:35.088500; 11267; 
1205; 2015-07-13 06:30:36.514500; 11267; 
1206; 2015-07-13 06:30:38.042700; 11267; 
1207; 2015-07-13 06:30:39.642200; 11267; 
1208; 2015-07-13 06:30:41.195000; 11267; 
1209; 2015-07-13 06:30:44.834900; 11267; 
1210; 2015-07-13 06:30:46.716100; 11267; 
1211; 2015-07-13 06:30:48.358900; 11267; 
1212; 2015-07-13 06:30:49.815700; 11267; 
1213; 2015-07-13 06:30:51.582800; 11267; 
1214; 2015-07-13 06:30:53.010900; 11267; 
1215; 2015-07-13 06:30:54.398700; 11267; 
1216; 2015-07-13 06:30:55.984600; 11267; 
1217; 2015-07-13 06:30:57.590600; 11267; 
1218; 2015-07-13 06:30:59.185700; 11267; 
1219; 2015-07-13 06:31:01.201700; 11267; 
1220; 2015-07-13 06:31:02.794200; 11267; 
1221; 2015-07-13 06:31:04.270300; 11267; 
1222; 2015-07-13 06:31:05.827300; 11267; 
1223; 2015-07-13 06:31:07.233700; 11267; 
1224; 2015-07-13 06:31:09.086900; 11267; 
1225; 2015-07-13 06:31:10.530700; 11267; 
1226; 2015-07-13 06:31:11.981300; 11267; 
1227; 2015-07-13 06:31:13.362400; 11267; 
1228; 2015-07-13 06:31:14.887000; 11267; 
1229; 2015-07-13 06:31:16.287900; 11269; 
1230; 2015-07-13 06:31:17.817200; 11269; 
1231; 2015-07-13 06:31:19.360800; 11267; 
1232; 2015-07-13 06:31:20.761800; 11267; 
1233; 2015-07-13 06:31:22.247600; 11267; 
1234; 2015-07-13 06:31:23.792500; 11267; 
1235; 2015-07-13 06:31:25.163800; 11272; 
1236; 2015-07-13 06:31:26.694500; 11272; 
1237; 2015-07-13 06:31:28.448600; 11272; 
1238; 2015-07-13 06:31:29.978200; 11267; 
1239; 2015-07-13 06:31:31.536700; 11267; 
1240; 2015-07-13 06:31:32.985100; 11267; 
1241; 2015-07-13 06:31:34.381400; 11267; 
1242; 2015-07-13 06:31:35.942500; 11267; 
1243; 2015-07-13 06:31:37.559400; 11267; 
1244; 2015-07-13 06:31:39.012600; 11267; 
1245; 2015-07-13 06:31:40.384800; 11267; 
1246; 2015-07-13 06:31:41.916700; 11267; 
1247; 2015-07-13 06:31:43.340600; 11267; 
1248; 2015-07-13 06:31:44.854500; 11267; 
1249; 2015-07-13 06:31:46.283000; 11267; 
1250; 2015-07-13 06:31:47.852900; 11266; 
1251; 2015-07-13 06:31:49.279100; 11266; 
1252; 2015-07-13 06:31:50.796100; 11266; 
1253; 2015-07-13 06:31:52.455600; 11266; 
1254; 2015-07-13 06:31:54.031400; 11266; 
1255; 2015-07-13 06:31:55.444100; 11266; 
1256; 2015-07-13 06:31:56.993100; 11266; 
1257; 2015-07-13 06:31:58.576300; 11266; 
1258; 2015-07-13 06:31:59.997900; 11266; 
1259; 2015-07-13 06:32:01.705700; 11267; 
1260; 2015-07-13 06:32:03.246000; 11267; 
1261; 2015-07-13 06:32:04.692100; 11267; 
1262; 2015-07-13 06:32:06.148500; 11267; 
1263; 2015-07-13 06:32:08.033300; 11267; 
1264; 2015-07-13 06:32:09.629400; 11267; 
1265; 2015-07-13 06:32:11.076300; 11268; 
1266; 2015-07-13 06:32:12.491400; 11268; 
1267; 2015-07-13 06:32:14.142000; 11268; 
1268; 2015-07-13 06:32:15.582600; 11268; 
1269; 2015-07-13 06:32:16.950900; 11268; 
1270; 2015-07-13 06:32:18.337300; 11268; 
1271; 2015-07-13 06:32:19.845700; 11268; 
1272; 2015-07-13 06:32:21.359600; 11268; 
1273; 2015-07-13 06:32:22.961200; 11268; 
1274; 2015-07-13 06:32:24.350200; 11268; 
1275; 2015-07-13 06:32:25.745000; 11268; 
1276; 2015-07-13 06:32:27.196500; 11268; 
1277; 2015-07-13 06:32:28.859600; 11268; 
1278; 2015-07-13 06:32:30.470900; 11268; 
1279; 2015-07-13 06:32:31.928800; 11268; 
1280; 2015-07-13 06:32:33.355500; 11270; 
1281; 2015-07-13 06:32:34.893700; 11270; 
1282; 2015-07-13 06:32:36.376500; 11270; 
1283; 2015-07-13 06:32:37.828400; 11269; 
1284; 2015-07-13 06:32:39.200800; 11269; 
1285; 2015-07-13 06:32:40.575500; 11269; 
